2019-02-20 20:21:05.493  INFO 44520 --- [main] c.r.s.b.s.SpringBootTestApplication      : Starting SpringBootTestApplication on RLWS with PID 44520 (D:\spring-boot-test\target\classes started by RLWS_5871 in D:\spring-boot-test)
2019-02-20 20:21:05.514  INFO 44520 --- [main] c.r.s.b.s.SpringBootTestApplication      : No active profile set, falling back to default profiles: default
2019-02-20 20:21:07.157  INFO 44520 --- [main] o.s.b.w.embedded.tomcat.TomcatWebServer  : Tomcat initialized with port(s): 5871 (http)
2019-02-20 20:21:07.185  INFO 44520 --- [main] o.apache.catalina.core.StandardService   : Starting service [Tomcat]
2019-02-20 20:21:07.186  INFO 44520 --- [main] org.apache.catalina.core.StandardEngine  : Starting Servlet engine: [Apache Tomcat/9.0.16]
2019-02-20 20:21:07.194  INFO 44520 --- [main] o.a.catalina.core.AprLifecycleListener   : The APR based Apache Tomcat Native library which allows optimal performance in production environments was not found on the java.library.path: [G:\Java\jdk1.8.0_66\bin;C:\WINDOWS\Sun\Java\bin;C:\WINDOWS\system32;C:\WINDOWS;C:\WINDOWS\system32;C:\WINDOWS;C:\WINDOWS\System32\Wbem;C:\WINDOWS\System32\WindowsPowerShell\v1.0\;C:\Program Files\Microsoft\Web Platform Installer\;C:\Program Files (x86)\Microsoft ASP.NET\ASP.NET Web Pages\v1.0\;C:\Program Files (x86)\Windows Kits\8.0\Windows Performance Toolkit\;C:\Program Files\Microsoft SQL Server\110\Tools\Binn\;C:\Program Files (x86)\Microsoft SQL Server\100\Tools\Binn\;C:\Program Files\Microsoft SQL Server\100\Tools\Binn\;C:\Program Files\Microsoft SQL Server\100\DTS\Binn\;C:\Program Files (x86)\Microsoft SQL Server\100\Tools\Binn\VSShell\Common7\IDE\;C:\Program Files (x86)\Microsoft Visual Studio 9.0\Common7\IDE\PrivateAssemblies\;C:\Program Files (x86)\Microsoft SQL Server\100\DTS\Binn\;G:\Java\jdk1.8.0_66\bin;G:\Java\jdk1.8.0_66\jre\bin;G:\apache-maven-3.5.4\bin;F:\Program\MySQL Server 5.5\bin;F:\Git\cmd;F:\TortoiseGit\bin;C:\Users\吕桂铭\AppData\Local\Microsoft\WindowsApps;C:\Program Files\Microsoft VS Code\bin;.]
2019-02-20 20:21:07.292  INFO 44520 --- [main] o.a.c.c.C.[Tomcat].[localhost].[/boot]   : Initializing Spring embedded WebApplicationContext
2019-02-20 20:21:07.292  INFO 44520 --- [main] o.s.web.context.ContextLoader            : Root WebApplicationContext: initialization completed in 1678 ms
2019-02-20 20:21:07.513  INFO 44520 --- [main] o.s.s.concurrent.ThreadPoolTaskExecutor  : Initializing ExecutorService 'applicationTaskExecutor'
2019-02-20 20:21:07.720  INFO 44520 --- [main] o.s.b.w.embedded.tomcat.TomcatWebServer  : Tomcat started on port(s): 5871 (http) with context path '/boot'
2019-02-20 20:21:07.725  INFO 44520 --- [main] c.r.s.b.s.SpringBootTestApplication      : Started SpringBootTestApplication in 3.101 seconds (JVM running for 4.444)
2019-02-20 20:27:43.338  INFO 47764 --- [main] c.r.s.b.s.SpringBootTestApplication      : Starting SpringBootTestApplication on RLWS with PID 47764 (D:\spring-boot-test\target\classes started by RLWS_5871 in D:\spring-boot-test)
2019-02-20 20:27:43.345  INFO 47764 --- [main] c.r.s.b.s.SpringBootTestApplication      : No active profile set, falling back to default profiles: default
2019-02-20 20:27:44.800  WARN 47764 --- [main] o.m.s.mapper.ClassPathMapperScanner      : No MyBatis mapper was found in '[com.rlws.spring.boot.springboot]' package. Please check your configuration.
2019-02-20 20:27:46.049  INFO 47764 --- [main] o.s.b.w.embedded.tomcat.TomcatWebServer  : Tomcat initialized with port(s): 5871 (http)
2019-02-20 20:27:46.093  INFO 47764 --- [main] o.apache.catalina.core.StandardService   : Starting service [Tomcat]
2019-02-20 20:27:46.093  INFO 47764 --- [main] org.apache.catalina.core.StandardEngine  : Starting Servlet engine: [Apache Tomcat/9.0.16]
2019-02-20 20:27:46.105  INFO 47764 --- [main] o.a.catalina.core.AprLifecycleListener   : The APR based Apache Tomcat Native library which allows optimal performance in production environments was not found on the java.library.path: [G:\Java\jdk1.8.0_66\bin;C:\WINDOWS\Sun\Java\bin;C:\WINDOWS\system32;C:\WINDOWS;C:\WINDOWS\system32;C:\WINDOWS;C:\WINDOWS\System32\Wbem;C:\WINDOWS\System32\WindowsPowerShell\v1.0\;C:\Program Files\Microsoft\Web Platform Installer\;C:\Program Files (x86)\Microsoft ASP.NET\ASP.NET Web Pages\v1.0\;C:\Program Files (x86)\Windows Kits\8.0\Windows Performance Toolkit\;C:\Program Files\Microsoft SQL Server\110\Tools\Binn\;C:\Program Files (x86)\Microsoft SQL Server\100\Tools\Binn\;C:\Program Files\Microsoft SQL Server\100\Tools\Binn\;C:\Program Files\Microsoft SQL Server\100\DTS\Binn\;C:\Program Files (x86)\Microsoft SQL Server\100\Tools\Binn\VSShell\Common7\IDE\;C:\Program Files (x86)\Microsoft Visual Studio 9.0\Common7\IDE\PrivateAssemblies\;C:\Program Files (x86)\Microsoft SQL Server\100\DTS\Binn\;G:\Java\jdk1.8.0_66\bin;G:\Java\jdk1.8.0_66\jre\bin;G:\apache-maven-3.5.4\bin;F:\Program\MySQL Server 5.5\bin;F:\Git\cmd;F:\TortoiseGit\bin;C:\Users\吕桂铭\AppData\Local\Microsoft\WindowsApps;C:\Program Files\Microsoft VS Code\bin;.]
2019-02-20 20:27:46.271  INFO 47764 --- [main] o.a.c.c.C.[Tomcat].[localhost].[/boot]   : Initializing Spring embedded WebApplicationContext
2019-02-20 20:27:46.272  INFO 47764 --- [main] o.s.web.context.ContextLoader            : Root WebApplicationContext: initialization completed in 2732 ms
2019-02-20 20:27:46.692  INFO 47764 --- [main] o.s.s.concurrent.ThreadPoolTaskExecutor  : Initializing ExecutorService 'applicationTaskExecutor'
2019-02-20 20:27:46.891  WARN 47764 --- [main] ConfigServletWebServerApplicationContext : Exception encountered during context initialization - cancelling refresh attempt: org.springframework.beans.factory.BeanCreationException: Error creating bean with name 'dataSource' defined in class path resource [org/springframework/boot/autoconfigure/jdbc/DataSourceConfiguration$Hikari.class]: Bean instantiation via factory method failed; nested exception is org.springframework.beans.BeanInstantiationException: Failed to instantiate [com.zaxxer.hikari.HikariDataSource]: Factory method 'dataSource' threw exception; nested exception is org.springframework.boot.autoconfigure.jdbc.DataSourceProperties$DataSourceBeanCreationException: Failed to determine a suitable driver class
2019-02-20 20:27:46.892  INFO 47764 --- [main] o.s.s.concurrent.ThreadPoolTaskExecutor  : Shutting down ExecutorService 'applicationTaskExecutor'
2019-02-20 20:27:46.897  INFO 47764 --- [main] o.apache.catalina.core.StandardService   : Stopping service [Tomcat]
2019-02-20 20:27:47.010  INFO 47764 --- [main] ConditionEvaluationReportLoggingListener : 

Error starting ApplicationContext. To display the conditions report re-run your application with 'debug' enabled.
2019-02-20 20:27:47.021 ERROR 47764 --- [main] o.s.b.d.LoggingFailureAnalysisReporter   : 

***************************
APPLICATION FAILED TO START
***************************

Description:

Failed to configure a DataSource: 'url' attribute is not specified and no embedded datasource could be configured.

Reason: Failed to determine a suitable driver class


Action:

Consider the following:
	If you want an embedded database (H2, HSQL or Derby), please put it on the classpath.
	If you have database settings to be loaded from a particular profile you may need to activate it (no profiles are currently active).

2019-02-20 20:42:29.280  INFO 54212 --- [main] c.r.s.b.s.SpringBootTestApplication      : Starting SpringBootTestApplication on RLWS with PID 54212 (D:\spring-boot-test\target\classes started by RLWS_5871 in D:\spring-boot-test)
2019-02-20 20:42:29.310  INFO 54212 --- [main] c.r.s.b.s.SpringBootTestApplication      : No active profile set, falling back to default profiles: default
2019-02-20 20:42:31.174  INFO 54212 --- [main] o.s.b.w.embedded.tomcat.TomcatWebServer  : Tomcat initialized with port(s): 5871 (http)
2019-02-20 20:42:31.208  INFO 54212 --- [main] o.apache.catalina.core.StandardService   : Starting service [Tomcat]
2019-02-20 20:42:31.208  INFO 54212 --- [main] org.apache.catalina.core.StandardEngine  : Starting Servlet engine: [Apache Tomcat/9.0.16]
2019-02-20 20:42:31.218  INFO 54212 --- [main] o.a.catalina.core.AprLifecycleListener   : The APR based Apache Tomcat Native library which allows optimal performance in production environments was not found on the java.library.path: [G:\Java\jdk1.8.0_66\bin;C:\WINDOWS\Sun\Java\bin;C:\WINDOWS\system32;C:\WINDOWS;C:\WINDOWS\system32;C:\WINDOWS;C:\WINDOWS\System32\Wbem;C:\WINDOWS\System32\WindowsPowerShell\v1.0\;C:\Program Files\Microsoft\Web Platform Installer\;C:\Program Files (x86)\Microsoft ASP.NET\ASP.NET Web Pages\v1.0\;C:\Program Files (x86)\Windows Kits\8.0\Windows Performance Toolkit\;C:\Program Files\Microsoft SQL Server\110\Tools\Binn\;C:\Program Files (x86)\Microsoft SQL Server\100\Tools\Binn\;C:\Program Files\Microsoft SQL Server\100\Tools\Binn\;C:\Program Files\Microsoft SQL Server\100\DTS\Binn\;C:\Program Files (x86)\Microsoft SQL Server\100\Tools\Binn\VSShell\Common7\IDE\;C:\Program Files (x86)\Microsoft Visual Studio 9.0\Common7\IDE\PrivateAssemblies\;C:\Program Files (x86)\Microsoft SQL Server\100\DTS\Binn\;G:\Java\jdk1.8.0_66\bin;G:\Java\jdk1.8.0_66\jre\bin;G:\apache-maven-3.5.4\bin;F:\Program\MySQL Server 5.5\bin;F:\Git\cmd;F:\TortoiseGit\bin;C:\Users\吕桂铭\AppData\Local\Microsoft\WindowsApps;C:\Program Files\Microsoft VS Code\bin;.]
2019-02-20 20:42:31.329  INFO 54212 --- [main] o.a.c.c.C.[Tomcat].[localhost].[/boot]   : Initializing Spring embedded WebApplicationContext
2019-02-20 20:42:31.329  INFO 54212 --- [main] o.s.web.context.ContextLoader            : Root WebApplicationContext: initialization completed in 1894 ms
2019-02-20 20:42:31.561  INFO 54212 --- [main] o.s.s.concurrent.ThreadPoolTaskExecutor  : Initializing ExecutorService 'applicationTaskExecutor'
2019-02-20 20:42:31.747  INFO 54212 --- [main] o.s.b.w.embedded.tomcat.TomcatWebServer  : Tomcat started on port(s): 5871 (http) with context path '/boot'
2019-02-20 20:42:31.751  INFO 54212 --- [main] c.r.s.b.s.SpringBootTestApplication      : Started SpringBootTestApplication in 3.277 seconds (JVM running for 4.389)
